This is pdfTeX, Version 3.14159265-2.6-1.40.19 (TeX Live 2018) (preloaded format=pdflatex 2019.3.4)  4 MAR 2019 01:01
entering extended mode
 restricted \write18 enabled.
 %&-line parsing enabled.
**abstract.tex
(./abstract.tex
LaTeX2e <2018-04-01> patch level 2
Babel <3.18> and hyphenation patterns for 84 language(s) loaded.
(/usr/local/texlive/2018/texmf-dist/tex/latex/base/report.cls
Document Class: report 2014/09/29 v1.4h Standard LaTeX document class
(/usr/local/texlive/2018/texmf-dist/tex/latex/base/size12.clo
File: size12.clo 2014/09/29 v1.4h Standard LaTeX file (size option)
)
\c@part=\count80
\c@chapter=\count81
\c@section=\count82
\c@subsection=\count83
\c@subsubsection=\count84
\c@paragraph=\count85
\c@subparagraph=\count86
\c@figure=\count87
\c@table=\count88
\abovecaptionskip=\skip41
\belowcaptionskip=\skip42
\bibindent=\dimen102
)
(/usr/local/texlive/2018/texmf-dist/tex/latex/geometry/geometry.sty
Package: geometry 2018/03/24 v5.7 Page Geometry

(/usr/local/texlive/2018/texmf-dist/tex/latex/graphics/keyval.sty
Package: keyval 2014/10/28 v1.15 key=value parser (DPC)
\KV@toks@=\toks14
)
(/usr/local/texlive/2018/texmf-dist/tex/generic/oberdiek/ifpdf.sty
Package: ifpdf 2017/03/15 v3.2 Provides the ifpdf switch
)
(/usr/local/texlive/2018/texmf-dist/tex/generic/oberdiek/ifvtex.sty
Package: ifvtex 2016/05/16 v1.6 Detect VTeX and its facilities (HO)
Package ifvtex Info: VTeX not detected.
)
(/usr/local/texlive/2018/texmf-dist/tex/generic/ifxetex/ifxetex.sty
Package: ifxetex 2010/09/12 v0.6 Provides ifxetex conditional
)
\Gm@cnth=\count89
\Gm@cntv=\count90
\c@Gm@tempcnt=\count91
\Gm@bindingoffset=\dimen103
\Gm@wd@mp=\dimen104
\Gm@odd@mp=\dimen105
\Gm@even@mp=\dimen106
\Gm@layoutwidth=\dimen107
\Gm@layoutheight=\dimen108
\Gm@layouthoffset=\dimen109
\Gm@layoutvoffset=\dimen110
\Gm@dimlist=\toks15
)
(/usr/local/texlive/2018/texmf-dist/tex/latex/pdfx/pdfx.sty
Package: pdfx 2017/05/18 v1.5.84 PDF/X and PDF/A support (CVR/HTH/RRM/PS)

(/usr/local/texlive/2018/texmf-dist/tex/generic/oberdiek/ifluatex.sty
Package: ifluatex 2016/05/16 v1.4 Provides the ifluatex switch (HO)
Package ifluatex Info: LuaTeX not detected.
){/usr/local/texlive/2018/texmf-var/fonts/map/pdftex/updmap/pdftex.map}
(/usr/local/texlive/2018/texmf-dist/tex/latex/base/inputenc.sty
Package: inputenc 2018/04/06 v1.3b Input encoding file
\inpenc@prehook=\toks16
\inpenc@posthook=\toks17
)
(/usr/local/texlive/2018/texmf-dist/tex/latex/pdfx/l8uenc.def
File: l8uenc.def 2017/03/18 v0.7 Custom LaTeX file, for UTF8 encoded letters an
d symbols
)
\pdfxsafeforxmp@toks=\toks18

(/usr/local/texlive/2018/texmf-dist/tex/latex/hyperref/hyperref.sty
Package: hyperref 2018/02/06 v6.86b Hypertext links for LaTeX

(/usr/local/texlive/2018/texmf-dist/tex/generic/oberdiek/hobsub-hyperref.sty
Package: hobsub-hyperref 2016/05/16 v1.14 Bundle oberdiek, subset hyperref (HO)


(/usr/local/texlive/2018/texmf-dist/tex/generic/oberdiek/hobsub-generic.sty
Package: hobsub-generic 2016/05/16 v1.14 Bundle oberdiek, subset generic (HO)
Package: hobsub 2016/05/16 v1.14 Construct package bundles (HO)
Package: infwarerr 2016/05/16 v1.4 Providing info/warning/error messages (HO)
Package: ltxcmds 2016/05/16 v1.23 LaTeX kernel commands for general use (HO)
Package hobsub Info: Skipping package `ifluatex' (already loaded).
Package hobsub Info: Skipping package `ifvtex' (already loaded).
Package: intcalc 2016/05/16 v1.2 Expandable calculations with integers (HO)
Package hobsub Info: Skipping package `ifpdf' (already loaded).
Package: etexcmds 2016/05/16 v1.6 Avoid name clashes with e-TeX commands (HO)
Package etexcmds Info: Could not find \expanded.
(etexcmds)             That can mean that you are not using pdfTeX 1.50 or
(etexcmds)             that some package has redefined \expanded.
(etexcmds)             In the latter case, load this package earlier.
Package: kvsetkeys 2016/05/16 v1.17 Key value parser (HO)
Package: kvdefinekeys 2016/05/16 v1.4 Define keys (HO)
Package: pdftexcmds 2018/01/30 v0.27 Utility functions of pdfTeX for LuaTeX (HO
)
Package pdftexcmds Info: LuaTeX not detected.
Package pdftexcmds Info: \pdf@primitive is available.
Package pdftexcmds Info: \pdf@ifprimitive is available.
Package pdftexcmds Info: \pdfdraftmode found.
Package: pdfescape 2016/05/16 v1.14 Implements pdfTeX's escape features (HO)
Package: bigintcalc 2016/05/16 v1.4 Expandable calculations on big integers (HO
)
Package: bitset 2016/05/16 v1.2 Handle bit-vector datatype (HO)
Package: uniquecounter 2016/05/16 v1.3 Provide unlimited unique counter (HO)
)
Package hobsub Info: Skipping package `hobsub' (already loaded).
Package: letltxmacro 2016/05/16 v1.5 Let assignment for LaTeX macros (HO)
Package: hopatch 2016/05/16 v1.3 Wrapper for package hooks (HO)
Package: xcolor-patch 2016/05/16 xcolor patch
Package: atveryend 2016/05/16 v1.9 Hooks at the very end of document (HO)
Package atveryend Info: \enddocument detected (standard20110627).
Package: atbegshi 2016/06/09 v1.18 At begin shipout hook (HO)
Package: refcount 2016/05/16 v3.5 Data extraction from label references (HO)
Package: hycolor 2016/05/16 v1.8 Color options for hyperref/bookmark (HO)
)
(/usr/local/texlive/2018/texmf-dist/tex/latex/oberdiek/auxhook.sty
Package: auxhook 2016/05/16 v1.4 Hooks for auxiliary files (HO)
)
(/usr/local/texlive/2018/texmf-dist/tex/latex/oberdiek/kvoptions.sty
Package: kvoptions 2016/05/16 v3.12 Key value format for package options (HO)
)
\@linkdim=\dimen111
\Hy@linkcounter=\count92
\Hy@pagecounter=\count93

(/usr/local/texlive/2018/texmf-dist/tex/latex/hyperref/pd1enc.def
File: pd1enc.def 2018/02/06 v6.86b Hyperref: PDFDocEncoding definition (HO)
Now handling font encoding PD1 ...
... no UTF-8 mapping file for font encoding PD1
)
\Hy@SavedSpaceFactor=\count94

(/usr/local/texlive/2018/texmf-dist/tex/latex/latexconfig/hyperref.cfg
File: hyperref.cfg 2002/06/06 v1.2 hyperref configuration of TeXLive
)
Package hyperref Info: Option `pdfa' set `true' on input line 4383.
Package hyperref Info: Hyper figures OFF on input line 4509.
Package hyperref Info: Link nesting OFF on input line 4514.
Package hyperref Info: Hyper index ON on input line 4517.
Package hyperref Info: Plain pages OFF on input line 4524.
Package hyperref Info: Backreferencing OFF on input line 4529.
Package hyperref Info: Implicit mode ON; LaTeX internals redefined.
Package hyperref Info: Bookmarks ON on input line 4762.
\c@Hy@tempcnt=\count95

(/usr/local/texlive/2018/texmf-dist/tex/latex/url/url.sty
\Urlmuskip=\muskip10
Package: url 2013/09/16  ver 3.4  Verb mode for urls, etc.
)
LaTeX Info: Redefining \url on input line 5115.
\XeTeXLinkMargin=\dimen112
\Fld@menulength=\count96
\Field@Width=\dimen113
\Fld@charsize=\dimen114
Package hyperref Info: Hyper figures OFF on input line 6369.
Package hyperref Info: Link nesting OFF on input line 6374.
Package hyperref Info: Hyper index ON on input line 6377.
Package hyperref Info: backreferencing OFF on input line 6384.
Package hyperref Info: Link coloring OFF on input line 6389.
Package hyperref Info: Link coloring with OCG OFF on input line 6394.
Package hyperref Info: PDF/A mode ON on input line 6397.
LaTeX Info: Redefining \ref on input line 6439.
LaTeX Info: Redefining \pageref on input line 6443.
\Hy@abspage=\count97
\c@Item=\count98
\c@Hfootnote=\count99
)
Package hyperref Info: Driver: hpdftex.

(/usr/local/texlive/2018/texmf-dist/tex/latex/hyperref/hpdftex.def
File: hpdftex.def 2018/02/06 v6.86b Hyperref driver for pdfTeX
Package hyperref Info: \pdfminorversion:=4 on input line 217.
\Fld@listcount=\count100
\c@bookmark@seq@number=\count101

(/usr/local/texlive/2018/texmf-dist/tex/latex/oberdiek/rerunfilecheck.sty
Package: rerunfilecheck 2016/05/16 v1.8 Rerun checks for auxiliary files (HO)
Package uniquecounter Info: New unique counter `rerunfilecheck' on input line 2
82.
)
\Hy@SectionHShift=\skip43
)
Package hyperref Info: Option `unicode' set `true' on input line 811.

(/usr/local/texlive/2018/texmf-dist/tex/latex/hyperref/puenc.def
File: puenc.def 2018/02/06 v6.86b Hyperref: PDF Unicode definition (HO)
Now handling font encoding PU ...
... no UTF-8 mapping file for font encoding PU
)
(/usr/local/texlive/2018/texmf-dist/tex/generic/oberdiek/stringenc.sty
Package: stringenc 2016/05/16 v1.11 Convert strings between diff. encodings (HO
)
)
Package hyperref Info: Option `psdextra' set `true' on input line 813.

(/usr/local/texlive/2018/texmf-dist/tex/latex/hyperref/psdextra.def
File: psdextra.def 2018/02/06 v6.86b Hyperref: Additions to PDF string support
)
(/usr/local/texlive/2018/texmf-dist/tex/generic/oberdiek/se-pdfdoc.def
File: se-pdfdoc.def 2016/05/16 v1.11 stringenc: PDFDocEncoding
)
(../tex/pdfx/AdobeColorProfiles.tex) (../tex/pdfx/8bit.def
File: 8bit.def 2008/03/30 v1.1d Input encoding file
)
** pdfx: Metadata file abstract.xmpdata read successfully.
(./abstract.xmpdata)<<sRGB_IEC61966-2-1_black_scaled.icc>>
(../tex/pdfx/8bit.def
File: 8bit.def 2008/03/30 v1.1d Input encoding file
)
Package hyperref Info: Option `unicode' set `true' on input line 1490.
Package hyperref Info: Option `unicode' set `true' on input line 1496.
Package hyperref Info: Option `unicode' set `true' on input line 1497.

(/usr/local/texlive/2018/texmf-dist/tex/generic/pdftex/glyphtounicode.tex)
(../tex/pdfx/glyphtounicode-cmr.tex)
(/usr/local/texlive/2018/texmf-dist/tex/latex/xmpincl/xmpincl.sty
Package: xmpincl 2008/05/10 v2.2 Include XMP data in pdflatex

(/usr/local/texlive/2018/texmf-dist/tex/latex/base/ifthen.sty
Package: ifthen 2014/09/29 v1.1c Standard LaTeX ifthen package (DPC)
))
(../tex/pdfx/8bit.def
File: 8bit.def 2008/03/30 v1.1d Input encoding file
)
Using XMP template file: pdfa.xmp
\xmpinclWrite=\write3
\xmpinclRead=\read1
\openout3 = `pdfa.xmpi'.

! Undefined control sequence.
\xmpinclReadln ...<rdf:Alt><rdf:li\xmp@strictlang 
                                                  \xmp@lang@Title >\xmp@Titl...
l.1809  \includexmp{\xmp@template}
                                  %
? 
! Undefined control sequence.
\xmpinclReadln ...\xmp@strictlang \xmp@lang@Title 
                                                  >\xmp@Title </rdf:li></rdf...
l.1809  \includexmp{\xmp@template}
                                  %
? 
! Undefined control sequence.
\xmpinclReadln ...<rdf:Alt><rdf:li\xmp@strictlang 
                                                  \xmp@lang@Title >\xmp@Titl...
l.1809  \includexmp{\xmp@template}
                                  %
? 
! Undefined control sequence.
\xmpinclReadln ...\xmp@strictlang \xmp@lang@Title 
                                                  >\xmp@Title </rdf:li></rdf...
l.1809  \includexmp{\xmp@template}
                                  %
? 
! Undefined control sequence.
\xmpinclReadln ...><rdf:Seq><rdf:li\xmp@checklang 
                                                  \xmp@lang@Author >\xmp@@Au...
l.1809  \includexmp{\xmp@template}
                                  %
? 
! Undefined control sequence.
\xmpinclReadln ...\xmp@checklang \xmp@lang@Author 
                                                  >\xmp@@Author </rdf:li></r...
l.1809  \includexmp{\xmp@template}
                                  %
? 
! Undefined control sequence.
\xmpinclReadln ...><rdf:Seq><rdf:li\xmp@checklang 
                                                  \xmp@lang@Author >\xmp@@Au...
l.1809  \includexmp{\xmp@template}
                                  %
? 
! Undefined control sequence.
\xmpinclReadln ...\xmp@checklang \xmp@lang@Author 
                                                  >\xmp@@Author </rdf:li></r...
l.1809  \includexmp{\xmp@template}
                                  %
? 
! Undefined control sequence.
\xmpinclReadln ...><rdf:Bag><rdf:li\xmp@checklang 
                                                  \xmp@lang@Publisher >\xmp@...
l.1809  \includexmp{\xmp@template}
                                  %
? 
! Undefined control sequence.
\xmpinclReadln ...p@checklang \xmp@lang@Publisher 
                                                  >\xmp@Publisher </rdf:li><...
l.1809  \includexmp{\xmp@template}
                                  %
? 
! Undefined control sequence.
\xmpinclReadln ...><rdf:Bag><rdf:li\xmp@checklang 
                                                  \xmp@lang@Publisher >\xmp@...
l.1809  \includexmp{\xmp@template}
                                  %
? 
! Undefined control sequence.
\xmpinclReadln ...p@checklang \xmp@lang@Publisher 
                                                  >\xmp@Publisher </rdf:li><...
l.1809  \includexmp{\xmp@template}
                                  %
? 
! Undefined control sequence.
\xmpinclReadln ...><rdf:Bag><rdf:li>\xmp@Language 
                                                  </rdf:li></rdf:Bag></dc:la...
l.1809  \includexmp{\xmp@template}
                                  %
? 
! Undefined control sequence.
\xmpinclReadln ...><rdf:Bag><rdf:li>\xmp@Language 
                                                  </rdf:li></rdf:Bag></dc:la...
l.1809  \includexmp{\xmp@template}
                                  %
? 
! Undefined control sequence.
\xmpinclReadln ...  <dc:identifier>ISBN:\xmp@ISBN 
                                                  </dc:identifier>\fi 
l.1809  \includexmp{\xmp@template}
                                  %
? 
! Undefined control sequence.
\xmpinclReadln ...  <dc:identifier>ISBN:\xmp@ISBN 
                                                  </dc:identifier>\fi 
l.1809  \includexmp{\xmp@template}
                                  %
? 
! Undefined control sequence.
\xmpinclReadln ...    <dc:identifier>URL:\xmp@URL 
                                                  </dc:identifier>\fi 
l.1809  \includexmp{\xmp@template}
                                  %
? 
! Undefined control sequence.
\xmpinclReadln ...    <dc:identifier>URL:\xmp@URL 
                                                  </dc:identifier>\fi 
l.1809  \includexmp{\xmp@template}
                                  %
? 
! Undefined control sequence.
\xmpinclReadln ...\else    <dc:source>\xmp@Source 
                                                  </dc:source>\fi 
l.1809  \includexmp{\xmp@template}
                                  %
? 
! Undefined control sequence.
\xmpinclReadln ...\else    <dc:source>\xmp@Source 
                                                  </dc:source>\fi 
l.1809  \includexmp{\xmp@template}
                                  %
? 
! Undefined control sequence.
\xmpinclReadln ...e    <dc:coverage\xmp@checklang 
                                                  \xmp@lang@Coverage >\xmp@C...
l.1809  \includexmp{\xmp@template}
                                  %
? 
! Undefined control sequence.
\xmpinclReadln ...mp@checklang \xmp@lang@Coverage 
                                                  >\xmp@Coverage </dc:covera...
l.1809  \includexmp{\xmp@template}
                                  %
? 
! Undefined control sequence.
\xmpinclReadln ...mp@lang@Coverage >\xmp@Coverage 
                                                  </dc:coverage>\fi 
l.1809  \includexmp{\xmp@template}
                                  %
? 
! Undefined control sequence.
\xmpinclReadln ...e    <dc:coverage\xmp@checklang 
                                                  \xmp@lang@Coverage >\xmp@C...
l.1809  \includexmp{\xmp@template}
                                  %
? 
! Undefined control sequence.
\xmpinclReadln ...mp@checklang \xmp@lang@Coverage 
                                                  >\xmp@Coverage </dc:covera...
l.1809  \includexmp{\xmp@template}
                                  %
? 
! Undefined control sequence.
\xmpinclReadln ...mp@lang@Coverage >\xmp@Coverage 
                                                  </dc:coverage>\fi 
l.1809  \includexmp{\xmp@template}
                                  %
? 
! Undefined control sequence.
\xmpinclReadln ...date><rdf:Seq><rdf:li>\xmp@Date 
                                                  </rdf:li></rdf:Seq></dc:da...
l.1809  \includexmp{\xmp@template}
                                  %
? 
! Undefined control sequence.
\xmpinclReadln ...date><rdf:Seq><rdf:li>\xmp@Date 
                                                  </rdf:li></rdf:Seq></dc:da...
l.1809  \includexmp{\xmp@template}
                                  %
? 
! Undefined control sequence.
\xmpinclReadln ...><rdf:Bag><rdf:li\xmp@checklang 
                                                  \xmp@lang@Contributor >\xm...
l.1809  \includexmp{\xmp@template}
                                  %
? 
! Undefined control sequence.
\xmpinclReadln ...checklang \xmp@lang@Contributor 
                                                  >\xmp@Contributor </rdf:li...
l.1809  \includexmp{\xmp@template}
                                  %
? 
! Undefined control sequence.
\xmpinclReadln ...g@Contributor >\xmp@Contributor 
                                                  </rdf:li></rdf:Bag></dc:co...
l.1809  \includexmp{\xmp@template}
                                  %
? 
! Undefined control sequence.
\xmpinclReadln ...><rdf:Bag><rdf:li\xmp@checklang 
                                                  \xmp@lang@Contributor >\xm...
l.1809  \includexmp{\xmp@template}
                                  %
? 
! Undefined control sequence.
\xmpinclReadln ...checklang \xmp@lang@Contributor 
                                                  >\xmp@Contributor </rdf:li...
l.1809  \includexmp{\xmp@template}
                                  %
? 
! Undefined control sequence.
\xmpinclReadln ...g@Contributor >\xmp@Contributor 
                                                  </rdf:li></rdf:Bag></dc:co...
l.1809  \includexmp{\xmp@template}
                                  %
? 
! Undefined control sequence.
\xmpinclReadln ...><rdf:Bag><rdf:li\xmp@checklang 
                                                  \xmp@lang@Relation >\xmp@R...
l.1809  \includexmp{\xmp@template}
                                  %
? 
! Undefined control sequence.
\xmpinclReadln ...mp@checklang \xmp@lang@Relation 
                                                  >\xmp@Relation </rdf:li></...
l.1809  \includexmp{\xmp@template}
                                  %
? 
! Undefined control sequence.
\xmpinclReadln ...mp@lang@Relation >\xmp@Relation 
                                                  </rdf:li></rdf:Bag></dc:re...
l.1809  \includexmp{\xmp@template}
                                  %
? 
! Undefined control sequence.
\xmpinclReadln ...><rdf:Bag><rdf:li\xmp@checklang 
                                                  \xmp@lang@Relation >\xmp@R...
l.1809  \includexmp{\xmp@template}
                                  %
? 
! Undefined control sequence.
\xmpinclReadln ...mp@checklang \xmp@lang@Relation 
                                                  >\xmp@Relation </rdf:li></...
l.1809  \includexmp{\xmp@template}
                                  %
? 
! Undefined control sequence.
\xmpinclReadln ...mp@lang@Relation >\xmp@Relation 
                                                  </rdf:li></rdf:Bag></dc:re...
l.1809  \includexmp{\xmp@template}
                                  %
? 
! Undefined control sequence.
\xmpinclReadln ...\else       <prism:url>\xmp@URL 
                                                  </prism:url>\fi 
l.1809  \includexmp{\xmp@template}
                                  %
? 
! Undefined control sequence.
\xmpinclReadln ...\else       <prism:url>\xmp@URL 
                                                  </prism:url>\fi 
l.1809  \includexmp{\xmp@template}
                                  %
? 
! Undefined control sequence.
\xmpinclReadln ...>
   <pdfuaid:part>\xmp@UAlevel 
                                                  </pdfuaid:part>
   </rdf:D...
l.1809  \includexmp{\xmp@template}
                                  %
? 
! Undefined control sequence.
\xmpinclReadln ...>
   <pdfuaid:part>\xmp@UAlevel 
                                                  </pdfuaid:part>
   </rdf:D...
l.1809  \includexmp{\xmp@template}
                                  %
? 
! Undefined control sequence.
\xmpinclReadln ...><rdf:Bag><rdf:li\xmp@checklang 
                                                  \xmp@lang@Advisory >\xmp@A...
l.1809  \includexmp{\xmp@template}
                                  %
? 
! Undefined control sequence.
\xmpinclReadln ...mp@checklang \xmp@lang@Advisory 
                                                  >\xmp@Advisory </rdf:li></...
l.1809  \includexmp{\xmp@template}
                                  %
? 
! Undefined control sequence.
\xmpinclReadln ...mp@lang@Advisory >\xmp@Advisory 
                                                  </rdf:li></rdf:Bag></xmp:A...
l.1809  \includexmp{\xmp@template}
                                  %
? 
! Undefined control sequence.
\xmpinclReadln ...><rdf:Bag><rdf:li\xmp@checklang 
                                                  \xmp@lang@Advisory >\xmp@A...
l.1809  \includexmp{\xmp@template}
                                  %
? 
! Undefined control sequence.
\xmpinclReadln ...mp@checklang \xmp@lang@Advisory 
                                                  >\xmp@Advisory </rdf:li></...
l.1809  \includexmp{\xmp@template}
                                  %
? 
! Undefined control sequence.
\xmpinclReadln ...mp@lang@Advisory >\xmp@Advisory 
                                                  </rdf:li></rdf:Bag></xmp:A...
l.1809  \includexmp{\xmp@template}
                                  %
? 
! Undefined control sequence.
\xmpinclReadln ...se    <xmp:BaseURL>\xmp@BaseURL 
                                                  </xmp:BaseURL>\fi 
l.1809  \includexmp{\xmp@template}
                                  %
? 
! Undefined control sequence.
\xmpinclReadln ...se    <xmp:BaseURL>\xmp@BaseURL 
                                                  </xmp:BaseURL>\fi 
l.1809  \includexmp{\xmp@template}
                                  %
? 
! Undefined control sequence.
\xmpinclReadln ...><rdf:Bag><rdf:li\xmp@checklang 
                                                  \xmp@lang@Identifier >\xmp...
l.1809  \includexmp{\xmp@template}
                                  %
? 
! Undefined control sequence.
\xmpinclReadln ...@checklang \xmp@lang@Identifier 
                                                  >\xmp@Identifier </rdf:li>...
l.1809  \includexmp{\xmp@template}
                                  %
? 
! Undefined control sequence.
\xmpinclReadln ...ang@Identifier >\xmp@Identifier 
                                                  </rdf:li></rdf:Bag></xmp:I...
l.1809  \includexmp{\xmp@template}
                                  %
? 
! Undefined control sequence.
\xmpinclReadln ...><rdf:Bag><rdf:li\xmp@checklang 
                                                  \xmp@lang@Identifier >\xmp...
l.1809  \includexmp{\xmp@template}
                                  %
? 
! Undefined control sequence.
\xmpinclReadln ...@checklang \xmp@lang@Identifier 
                                                  >\xmp@Identifier </rdf:li>...
l.1809  \includexmp{\xmp@template}
                                  %
? 
! Undefined control sequence.
\xmpinclReadln ...ang@Identifier >\xmp@Identifier 
                                                  </rdf:li></rdf:Bag></xmp:I...
l.1809  \includexmp{\xmp@template}
                                  %
? 
! Undefined control sequence.
\xmpinclReadln ...    <xmp:Nickname\xmp@checklang 
                                                  \xmp@lang@Nickname >\xmp@N...
l.1809  \includexmp{\xmp@template}
                                  %
? 
! Undefined control sequence.
\xmpinclReadln ...mp@checklang \xmp@lang@Nickname 
                                                  >\xmp@Nickname </xmp:Nickn...
l.1809  \includexmp{\xmp@template}
                                  %
? 
! Undefined control sequence.
\xmpinclReadln ...mp@lang@Nickname >\xmp@Nickname 
                                                  </xmp:Nickname>\fi 
l.1809  \includexmp{\xmp@template}
                                  %
? 
! Undefined control sequence.
\xmpinclReadln ...    <xmp:Nickname\xmp@checklang 
                                                  \xmp@lang@Nickname >\xmp@N...
l.1809  \includexmp{\xmp@template}
                                  %
? 
! Undefined control sequence.
\xmpinclReadln ...mp@checklang \xmp@lang@Nickname 
                                                  >\xmp@Nickname </xmp:Nickn...
l.1809  \includexmp{\xmp@template}
                                  %
? 
! Undefined control sequence.
\xmpinclReadln ...mp@lang@Nickname >\xmp@Nickname 
                                                  </xmp:Nickname>\fi 
l.1809  \includexmp{\xmp@template}
                                  %
? 
! Undefined control sequence.
\xmpinclReadln ...rdf:Alt><rdf:li>\xmp@Thumbnails 
                                                  </rdf:li></rdf:Alt></xmp:T...
l.1809  \includexmp{\xmp@template}
                                  %
? 
! Undefined control sequence.
\xmpinclReadln ...rdf:Alt><rdf:li>\xmp@Thumbnails 
                                                  </rdf:li></rdf:Alt></xmp:T...
l.1809  \includexmp{\xmp@template}
                                  %
? 
! Undefined control sequence.
\xmpinclReadln ...><rdf:Bag><rdf:li\xmp@checklang 
                                                  \xmp@lang@Owner >\xmp@Owne...
l.1809  \includexmp{\xmp@template}
                                  %
? 
! Undefined control sequence.
\xmpinclReadln ...i\xmp@checklang \xmp@lang@Owner 
                                                  >\xmp@Owner </rdf:li></rdf...
l.1809  \includexmp{\xmp@template}
                                  %
? 
! Undefined control sequence.
\xmpinclReadln ...ang \xmp@lang@Owner >\xmp@Owner 
                                                  </rdf:li></rdf:Bag></xmpRi...
l.1809  \includexmp{\xmp@template}
                                  %
? 
! Undefined control sequence.
\xmpinclReadln ...><rdf:Bag><rdf:li\xmp@checklang 
                                                  \xmp@lang@Owner >\xmp@Owne...
l.1809  \includexmp{\xmp@template}
                                  %
? 
! Undefined control sequence.
\xmpinclReadln ...i\xmp@checklang \xmp@lang@Owner 
                                                  >\xmp@Owner </rdf:li></rdf...
l.1809  \includexmp{\xmp@template}
                                  %
? 
! Undefined control sequence.
\xmpinclReadln ...ang \xmp@lang@Owner >\xmp@Owner 
                                                  </rdf:li></rdf:Bag></xmpRi...
l.1809  \includexmp{\xmp@template}
                                  %
? 
! Undefined control sequence.
\xmpinclReadln ...Certificate>\xmp@CertificateURL 
                                                  </xmpRights:Certificate>\fi 
l.1809  \includexmp{\xmp@template}
                                  %
? 
! Undefined control sequence.
\xmpinclReadln ...Certificate>\xmp@CertificateURL 
                                                  </xmpRights:Certificate>\fi 
l.1809  \includexmp{\xmp@template}
                                  %
? 
<<pdfa.xmpi>>) (/usr/local/texlive/2018/texmf-dist/tex/latex/base/inputenc.sty
Package: inputenc 2018/04/06 v1.3b Input encoding file
) (/usr/local/texlive/2018/texmf-dist/tex/latex/base/fontenc.sty
Package: fontenc 2017/04/05 v2.0i Standard LaTeX package

(/usr/local/texlive/2018/texmf-dist/tex/latex/base/t1enc.def
File: t1enc.def 2017/04/05 v2.0i Standard LaTeX file
LaTeX Font Info:    Redeclaring font encoding T1 on input line 48.
))
(/usr/local/texlive/2018/texmf-dist/tex/latex/lm/lmodern.sty
Package: lmodern 2009/10/30 v1.6 Latin Modern Fonts
LaTeX Font Info:    Overwriting symbol font `operators' in version `normal'
(Font)                  OT1/cmr/m/n --> OT1/lmr/m/n on input line 22.
LaTeX Font Info:    Overwriting symbol font `letters' in version `normal'
(Font)                  OML/cmm/m/it --> OML/lmm/m/it on input line 23.
LaTeX Font Info:    Overwriting symbol font `symbols' in version `normal'
(Font)                  OMS/cmsy/m/n --> OMS/lmsy/m/n on input line 24.
LaTeX Font Info:    Overwriting symbol font `largesymbols' in version `normal'
(Font)                  OMX/cmex/m/n --> OMX/lmex/m/n on input line 25.
LaTeX Font Info:    Overwriting symbol font `operators' in version `bold'
(Font)                  OT1/cmr/bx/n --> OT1/lmr/bx/n on input line 26.
LaTeX Font Info:    Overwriting symbol font `letters' in version `bold'
(Font)                  OML/cmm/b/it --> OML/lmm/b/it on input line 27.
LaTeX Font Info:    Overwriting symbol font `symbols' in version `bold'
(Font)                  OMS/cmsy/b/n --> OMS/lmsy/b/n on input line 28.
LaTeX Font Info:    Overwriting symbol font `largesymbols' in version `bold'
(Font)                  OMX/cmex/m/n --> OMX/lmex/m/n on input line 29.
LaTeX Font Info:    Overwriting math alphabet `\mathbf' in version `normal'
(Font)                  OT1/cmr/bx/n --> OT1/lmr/bx/n on input line 31.
LaTeX Font Info:    Overwriting math alphabet `\mathsf' in version `normal'
(Font)                  OT1/cmss/m/n --> OT1/lmss/m/n on input line 32.
LaTeX Font Info:    Overwriting math alphabet `\mathit' in version `normal'
(Font)                  OT1/cmr/m/it --> OT1/lmr/m/it on input line 33.
LaTeX Font Info:    Overwriting math alphabet `\mathtt' in version `normal'
(Font)                  OT1/cmtt/m/n --> OT1/lmtt/m/n on input line 34.
LaTeX Font Info:    Overwriting math alphabet `\mathbf' in version `bold'
(Font)                  OT1/cmr/bx/n --> OT1/lmr/bx/n on input line 35.
LaTeX Font Info:    Overwriting math alphabet `\mathsf' in version `bold'
(Font)                  OT1/cmss/bx/n --> OT1/lmss/bx/n on input line 36.
LaTeX Font Info:    Overwriting math alphabet `\mathit' in version `bold'
(Font)                  OT1/cmr/bx/it --> OT1/lmr/bx/it on input line 37.
LaTeX Font Info:    Overwriting math alphabet `\mathtt' in version `bold'
(Font)                  OT1/cmtt/m/n --> OT1/lmtt/m/n on input line 38.
)
(/usr/local/texlive/2018/texmf-dist/tex/latex/base/textcomp.sty
Package: textcomp 2017/04/05 v2.0i Standard LaTeX package
Package textcomp Info: Sub-encoding information:
(textcomp)               5 = only ISO-Adobe without \textcurrency
(textcomp)               4 = 5 + \texteuro
(textcomp)               3 = 4 + \textohm
(textcomp)               2 = 3 + \textestimated + \textcurrency
(textcomp)               1 = TS1 - \textcircled - \t
(textcomp)               0 = TS1 (full)
(textcomp)             Font families with sub-encoding setting implement
(textcomp)             only a restricted character set as indicated.
(textcomp)             Family '?' is the default used for unknown fonts.
(textcomp)             See the documentation for details.
Package textcomp Info: Setting ? sub-encoding to TS1/1 on input line 79.

(/usr/local/texlive/2018/texmf-dist/tex/latex/base/ts1enc.def
File: ts1enc.def 2001/06/05 v3.0e (jk/car/fm) Standard LaTeX file
Now handling font encoding TS1 ...
... processing UTF-8 mapping file for font encoding TS1

(/usr/local/texlive/2018/texmf-dist/tex/latex/base/ts1enc.dfu
File: ts1enc.dfu 2018/04/05 v1.2c UTF-8 support for inputenc
   defining Unicode char U+00A2 (decimal 162)
   defining Unicode char U+00A3 (decimal 163)
   defining Unicode char U+00A4 (decimal 164)
   defining Unicode char U+00A5 (decimal 165)
   defining Unicode char U+00A6 (decimal 166)
   defining Unicode char U+00A7 (decimal 167)
   defining Unicode char U+00A8 (decimal 168)
   defining Unicode char U+00A9 (decimal 169)
   defining Unicode char U+00AA (decimal 170)
   defining Unicode char U+00AC (decimal 172)
   defining Unicode char U+00AE (decimal 174)
   defining Unicode char U+00AF (decimal 175)
   defining Unicode char U+00B0 (decimal 176)
   defining Unicode char U+00B1 (decimal 177)
   defining Unicode char U+00B2 (decimal 178)
   defining Unicode char U+00B3 (decimal 179)
   defining Unicode char U+00B4 (decimal 180)
   defining Unicode char U+00B5 (decimal 181)
   defining Unicode char U+00B6 (decimal 182)
   defining Unicode char U+00B7 (decimal 183)
   defining Unicode char U+00B9 (decimal 185)
   defining Unicode char U+00BA (decimal 186)
   defining Unicode char U+00BC (decimal 188)
   defining Unicode char U+00BD (decimal 189)
   defining Unicode char U+00BE (decimal 190)
   defining Unicode char U+00D7 (decimal 215)
   defining Unicode char U+00F7 (decimal 247)
   defining Unicode char U+0192 (decimal 402)
   defining Unicode char U+02C7 (decimal 711)
   defining Unicode char U+02D8 (decimal 728)
   defining Unicode char U+02DD (decimal 733)
   defining Unicode char U+0E3F (decimal 3647)
   defining Unicode char U+2016 (decimal 8214)
   defining Unicode char U+2020 (decimal 8224)
   defining Unicode char U+2021 (decimal 8225)
   defining Unicode char U+2022 (decimal 8226)
   defining Unicode char U+2030 (decimal 8240)
   defining Unicode char U+2031 (decimal 8241)
   defining Unicode char U+203B (decimal 8251)
   defining Unicode char U+203D (decimal 8253)
   defining Unicode char U+2044 (decimal 8260)
   defining Unicode char U+204E (decimal 8270)
   defining Unicode char U+2052 (decimal 8274)
   defining Unicode char U+20A1 (decimal 8353)
   defining Unicode char U+20A4 (decimal 8356)
   defining Unicode char U+20A6 (decimal 8358)
   defining Unicode char U+20A9 (decimal 8361)
   defining Unicode char U+20AB (decimal 8363)
   defining Unicode char U+20AC (decimal 8364)
   defining Unicode char U+20B1 (decimal 8369)
   defining Unicode char U+2103 (decimal 8451)
   defining Unicode char U+2116 (decimal 8470)
   defining Unicode char U+2117 (decimal 8471)
   defining Unicode char U+211E (decimal 8478)
   defining Unicode char U+2120 (decimal 8480)
   defining Unicode char U+2122 (decimal 8482)
   defining Unicode char U+2126 (decimal 8486)
   defining Unicode char U+2127 (decimal 8487)
   defining Unicode char U+212E (decimal 8494)
   defining Unicode char U+2190 (decimal 8592)
   defining Unicode char U+2191 (decimal 8593)
   defining Unicode char U+2192 (decimal 8594)
   defining Unicode char U+2193 (decimal 8595)
   defining Unicode char U+2329 (decimal 9001)
   defining Unicode char U+232A (decimal 9002)
   defining Unicode char U+2422 (decimal 9250)
   defining Unicode char U+25E6 (decimal 9702)
   defining Unicode char U+25EF (decimal 9711)
   defining Unicode char U+266A (decimal 9834)
   defining Unicode char U+FEFF (decimal 65279)
))
LaTeX Info: Redefining \oldstylenums on input line 334.
Package textcomp Info: Setting cmr sub-encoding to TS1/0 on input line 349.
Package textcomp Info: Setting cmss sub-encoding to TS1/0 on input line 350.
Package textcomp Info: Setting cmtt sub-encoding to TS1/0 on input line 351.
Package textcomp Info: Setting cmvtt sub-encoding to TS1/0 on input line 352.
Package textcomp Info: Setting cmbr sub-encoding to TS1/0 on input line 353.
Package textcomp Info: Setting cmtl sub-encoding to TS1/0 on input line 354.
Package textcomp Info: Setting ccr sub-encoding to TS1/0 on input line 355.
Package textcomp Info: Setting ptm sub-encoding to TS1/4 on input line 356.
Package textcomp Info: Setting pcr sub-encoding to TS1/4 on input line 357.
Package textcomp Info: Setting phv sub-encoding to TS1/4 on input line 358.
Package textcomp Info: Setting ppl sub-encoding to TS1/3 on input line 359.
Package textcomp Info: Setting pag sub-encoding to TS1/4 on input line 360.
Package textcomp Info: Setting pbk sub-encoding to TS1/4 on input line 361.
Package textcomp Info: Setting pnc sub-encoding to TS1/4 on input line 362.
Package textcomp Info: Setting pzc sub-encoding to TS1/4 on input line 363.
Package textcomp Info: Setting bch sub-encoding to TS1/4 on input line 364.
Package textcomp Info: Setting put sub-encoding to TS1/5 on input line 365.
Package textcomp Info: Setting uag sub-encoding to TS1/5 on input line 366.
Package textcomp Info: Setting ugq sub-encoding to TS1/5 on input line 367.
Package textcomp Info: Setting ul8 sub-encoding to TS1/4 on input line 368.
Package textcomp Info: Setting ul9 sub-encoding to TS1/4 on input line 369.
Package textcomp Info: Setting augie sub-encoding to TS1/5 on input line 370.
Package textcomp Info: Setting dayrom sub-encoding to TS1/3 on input line 371.
Package textcomp Info: Setting dayroms sub-encoding to TS1/3 on input line 372.

Package textcomp Info: Setting pxr sub-encoding to TS1/0 on input line 373.
Package textcomp Info: Setting pxss sub-encoding to TS1/0 on input line 374.
Package textcomp Info: Setting pxtt sub-encoding to TS1/0 on input line 375.
Package textcomp Info: Setting txr sub-encoding to TS1/0 on input line 376.
Package textcomp Info: Setting txss sub-encoding to TS1/0 on input line 377.
Package textcomp Info: Setting txtt sub-encoding to TS1/0 on input line 378.
Package textcomp Info: Setting lmr sub-encoding to TS1/0 on input line 379.
Package textcomp Info: Setting lmdh sub-encoding to TS1/0 on input line 380.
Package textcomp Info: Setting lmss sub-encoding to TS1/0 on input line 381.
Package textcomp Info: Setting lmssq sub-encoding to TS1/0 on input line 382.
Package textcomp Info: Setting lmvtt sub-encoding to TS1/0 on input line 383.
Package textcomp Info: Setting lmtt sub-encoding to TS1/0 on input line 384.
Package textcomp Info: Setting qhv sub-encoding to TS1/0 on input line 385.
Package textcomp Info: Setting qag sub-encoding to TS1/0 on input line 386.
Package textcomp Info: Setting qbk sub-encoding to TS1/0 on input line 387.
Package textcomp Info: Setting qcr sub-encoding to TS1/0 on input line 388.
Package textcomp Info: Setting qcs sub-encoding to TS1/0 on input line 389.
Package textcomp Info: Setting qpl sub-encoding to TS1/0 on input line 390.
Package textcomp Info: Setting qtm sub-encoding to TS1/0 on input line 391.
Package textcomp Info: Setting qzc sub-encoding to TS1/0 on input line 392.
Package textcomp Info: Setting qhvc sub-encoding to TS1/0 on input line 393.
Package textcomp Info: Setting futs sub-encoding to TS1/4 on input line 394.
Package textcomp Info: Setting futx sub-encoding to TS1/4 on input line 395.
Package textcomp Info: Setting futj sub-encoding to TS1/4 on input line 396.
Package textcomp Info: Setting hlh sub-encoding to TS1/3 on input line 397.
Package textcomp Info: Setting hls sub-encoding to TS1/3 on input line 398.
Package textcomp Info: Setting hlst sub-encoding to TS1/3 on input line 399.
Package textcomp Info: Setting hlct sub-encoding to TS1/5 on input line 400.
Package textcomp Info: Setting hlx sub-encoding to TS1/5 on input line 401.
Package textcomp Info: Setting hlce sub-encoding to TS1/5 on input line 402.
Package textcomp Info: Setting hlcn sub-encoding to TS1/5 on input line 403.
Package textcomp Info: Setting hlcw sub-encoding to TS1/5 on input line 404.
Package textcomp Info: Setting hlcf sub-encoding to TS1/5 on input line 405.
Package textcomp Info: Setting pplx sub-encoding to TS1/3 on input line 406.
Package textcomp Info: Setting pplj sub-encoding to TS1/3 on input line 407.
Package textcomp Info: Setting ptmx sub-encoding to TS1/4 on input line 408.
Package textcomp Info: Setting ptmj sub-encoding to TS1/4 on input line 409.
)
No file abstract.aux.
\openout1 = `abstract.aux'.

LaTeX Font Info:    Checking defaults for OML/cmm/m/it on input line 12.
LaTeX Font Info:    ... okay on input line 12.
LaTeX Font Info:    Checking defaults for T1/cmr/m/n on input line 12.
LaTeX Font Info:    ... okay on input line 12.
LaTeX Font Info:    Checking defaults for OT1/cmr/m/n on input line 12.
LaTeX Font Info:    ... okay on input line 12.
LaTeX Font Info:    Checking defaults for OMS/cmsy/m/n on input line 12.
LaTeX Font Info:    ... okay on input line 12.
LaTeX Font Info:    Checking defaults for OMX/cmex/m/n on input line 12.
LaTeX Font Info:    ... okay on input line 12.
LaTeX Font Info:    Checking defaults for U/cmr/m/n on input line 12.
LaTeX Font Info:    ... okay on input line 12.
LaTeX Font Info:    Checking defaults for PD1/pdf/m/n on input line 12.
LaTeX Font Info:    ... okay on input line 12.
LaTeX Font Info:    Checking defaults for PU/pdf/m/n on input line 12.
LaTeX Font Info:    ... okay on input line 12.
LaTeX Font Info:    Checking defaults for TS1/cmr/m/n on input line 12.
LaTeX Font Info:    Try loading font information for TS1+cmr on input line 12.
(/usr/local/texlive/2018/texmf-dist/tex/latex/base/ts1cmr.fd
File: ts1cmr.fd 2014/09/29 v2.5h Standard LaTeX font definitions
)
LaTeX Font Info:    ... okay on input line 12.
LaTeX Font Info:    Try loading font information for T1+lmr on input line 12.

(/usr/local/texlive/2018/texmf-dist/tex/latex/lm/t1lmr.fd
File: t1lmr.fd 2009/10/30 v1.6 Font defs for Latin Modern
)
*geometry* driver: auto-detecting
*geometry* detected driver: pdftex
*geometry* verbose mode - [ preamble ] result:
* driver: pdftex
* paper: a4paper
* layout: <same size as paper>
* layoutoffset:(h,v)=(0.0pt,0.0pt)
* modes: 
* h-part:(L,W,R)=(72.26999pt, 452.9679pt, 72.26999pt)
* v-part:(T,H,B)=(72.26999pt, 700.50687pt, 72.26999pt)
* \paperwidth=597.50787pt
* \paperheight=845.04684pt
* \textwidth=452.9679pt
* \textheight=700.50687pt
* \oddsidemargin=0.0pt
* \evensidemargin=0.0pt
* \topmargin=-37.0pt
* \headheight=12.0pt
* \headsep=25.0pt
* \topskip=12.0pt
* \footskip=30.0pt
* \marginparwidth=44.0pt
* \marginparsep=10.0pt
* \columnsep=10.0pt
* \skip\footins=10.8pt plus 4.0pt minus 2.0pt
* \hoffset=0.0pt
* \voffset=0.0pt
* \mag=1000
* \@twocolumnfalse
* \@twosidefalse
* \@mparswitchfalse
* \@reversemarginfalse
* (1in=72.27pt=25.4mm, 1cm=28.453pt)

\AtBeginShipoutBox=\box26
Package hyperref Info: Link coloring OFF on input line 12.
(/usr/local/texlive/2018/texmf-dist/tex/latex/hyperref/nameref.sty
Package: nameref 2016/05/21 v2.44 Cross-referencing by name of section

(/usr/local/texlive/2018/texmf-dist/tex/generic/oberdiek/gettitlestring.sty
Package: gettitlestring 2016/05/16 v1.5 Cleanup title references (HO)
)
\c@section@level=\count102
)
LaTeX Info: Redefining \ref on input line 12.
LaTeX Info: Redefining \pageref on input line 12.
LaTeX Info: Redefining \nameref on input line 12.
\@outlinefile=\write4
\openout4 = `abstract.out'.

Package atveryend Info: Empty hook `BeforeClearDocument' on input line 18.

[1

]
Package atveryend Info: Empty hook `AfterLastShipout' on input line 18.
 (./abstract.aux)
Package atveryend Info: Executing hook `AtVeryEndDocument' on input line 18.
Package atveryend Info: Executing hook `AtEndAfterFileList' on input line 18.


Package rerunfilecheck Warning: File `abstract.out' has changed.
(rerunfilecheck)                Rerun to get outlines right
(rerunfilecheck)                or use package `bookmark'.

Package rerunfilecheck Info: Checksums for `abstract.out':
(rerunfilecheck)             Before: <no file>
(rerunfilecheck)             After:  D41D8CD98F00B204E9800998ECF8427E;0.
Package atveryend Info: Empty hook `AtVeryVeryEnd' on input line 18.
 ) 
Here is how much of TeX's memory you used:
 11638 strings out of 492649
 161225 string characters out of 6129623
 210167 words of memory out of 5000000
 15462 multiletter control sequences out of 15000+600000
 7701 words of font info for 17 fonts, out of 8000000 for 9000
 1141 hyphenation exceptions out of 8191
 37i,4n,31p,532b,1942s stack positions out of 5000i,500n,10000p,200000b,80000s
{/usr/local/texlive/2018/texmf-dist/fonts/enc/dvips/lm/lm-ec.enc}</usr/local/
texlive/2018/texmf-dist/fonts/type1/public/lm/lmr12.pfb>
Output written on abstract.pdf (1 page, 35294 bytes).
PDF statistics:
 20 PDF objects out of 1000 (max. 8388607)
 2 named destinations out of 1000 (max. 500000)
 13 words of extra memory for PDF output out of 10000 (max. 10000000)

