\BOOKMARK [0][-]{chapter*.2}{\376\377\000I\000n\000t\000r\000o\000d\000u\000c\000t\000i\000o\000n}{}% 1
\BOOKMARK [0][-]{chapter.1}{\376\377\000I\000n\000t\000r\000o\000d\000u\000c\000t\000i\000o\000n}{}% 2
\BOOKMARK [1][-]{section.1.1}{\376\377\000G\000o\000a\000l\000s}{chapter.1}% 3
\BOOKMARK [1][-]{section.1.2}{\376\377\000S\000t\000r\000u\000c\000t\000u\000r\000e}{chapter.1}% 4
\BOOKMARK [0][-]{chapter.2}{\376\377\000D\000a\000t\000a\000\040\000M\000o\000d\000e\000l\000s\000\040\000a\000n\000d\000\040\000A\000b\000s\000t\000r\000a\000c\000t\000i\000o\000n\000\040\000L\000a\000y\000e\000r\000s}{}% 5
\BOOKMARK [1][-]{section.2.1}{\376\377\000D\000a\000t\000a\000\040\000M\000o\000d\000e\000l\000i\000n\000g}{chapter.2}% 6
\BOOKMARK [1][-]{section.2.2}{\376\377\000A\000b\000s\000t\000r\000a\000c\000t\000i\000o\000n\000\040\000L\000a\000y\000e\000r\000\040\000T\000y\000p\000e\000s}{chapter.2}% 7
\BOOKMARK [2][-]{subsection.2.2.1}{\376\377\000P\000h\000y\000s\000i\000c\000a\000l\000\040\000D\000a\000t\000a\000\040\000M\000o\000d\000e\000l}{section.2.2}% 8
\BOOKMARK [2][-]{subsection.2.2.2}{\376\377\000L\000o\000g\000i\000c\000a\000l\000\040\000D\000a\000t\000a\000\040\000M\000o\000d\000e\000l}{section.2.2}% 9
\BOOKMARK [2][-]{subsection.2.2.3}{\376\377\000C\000o\000n\000c\000e\000p\000t\000u\000a\000l\000\040\000D\000a\000t\000a\000\040\000M\000o\000d\000e\000l}{section.2.2}% 10
\BOOKMARK [1][-]{section.2.3}{\376\377\000R\000e\000l\000a\000t\000i\000o\000n\000s\000\040\000B\000e\000t\000w\000e\000e\000n\000\040\000t\000h\000e\000\040\000L\000a\000y\000e\000r\000s}{chapter.2}% 11
\BOOKMARK [2][-]{subsection.2.3.1}{\376\377\000M\000a\000p\000s\000-\000t\000o\000\040\000R\000e\000l\000a\000t\000i\000o\000n}{section.2.3}% 12
\BOOKMARK [1][-]{section.2.4}{\376\377\000P\000o\000s\000s\000i\000b\000l\000e\000\040\000C\000o\000n\000s\000t\000r\000u\000c\000t\000i\000o\000n\000\040\000o\000f\000\040\000a\000\040\000M\000o\000d\000e\000l}{chapter.2}% 13
\BOOKMARK [2][-]{subsection.2.4.1}{\376\377\000M\000o\000d\000e\000l\000i\000n\000g}{section.2.4}% 14
\BOOKMARK [2][-]{subsection.2.4.2}{\376\377\000R\000e\000v\000e\000r\000s\000e\000-\000E\000n\000g\000i\000n\000e\000e\000r\000i\000n\000g}{section.2.4}% 15
\BOOKMARK [2][-]{subsection.2.4.3}{\376\377\000G\000e\000n\000e\000r\000a\000t\000i\000n\000g}{section.2.4}% 16
\BOOKMARK [2][-]{subsection.2.4.4}{\376\377\000I\000m\000p\000o\000r\000t\000i\000n\000g}{section.2.4}% 17
\BOOKMARK [0][-]{chapter.3}{\376\377\000M\000o\000d\000e\000l\000i\000n\000g\000\040\000T\000o\000o\000l\000s}{}% 18
\BOOKMARK [1][-]{section.3.1}{\376\377\000E\000R\000/\000S\000t\000u\000d\000i\000o}{chapter.3}% 19
\BOOKMARK [1][-]{section.3.2}{\376\377\000P\000o\000w\000e\000r\000D\000e\000s\000i\000g\000n\000e\000r}{chapter.3}% 20
\BOOKMARK [0][-]{chapter.4}{\376\377\000D\000a\000t\000a\000\040\000L\000i\000n\000e\000a\000g\000e}{}% 21
\BOOKMARK [1][-]{section.4.1}{\376\377\000T\000h\000e\000o\000r\000y}{chapter.4}% 22
\BOOKMARK [1][-]{section.4.2}{\376\377\000M\000a\000n\000t\000a\000\040\000F\000l\000o\000w}{chapter.4}% 23
\BOOKMARK [2][-]{subsection.4.2.1}{\376\377\000S\000u\000p\000p\000o\000r\000t\000e\000d\000\040\000D\000a\000t\000a\000b\000a\000s\000e\000\040\000T\000e\000c\000h\000n\000o\000l\000o\000g\000i\000e\000s}{section.4.2}% 24
\BOOKMARK [0][-]{chapter.5}{\376\377\000A\000n\000a\000l\000y\000s\000i\000s\000\040\000\046\000\040\000D\000e\000s\000i\000g\000n\000\040\000o\000f\000\040\000t\000h\000e\000\040\000S\000o\000l\000u\000t\000i\000o\000n}{}% 25
\BOOKMARK [1][-]{section.5.1}{\376\377\000R\000e\000q\000u\000i\000r\000e\000m\000e\000n\000t\000s}{chapter.5}% 26
\BOOKMARK [1][-]{section.5.2}{\376\377\000A\000n\000a\000l\000y\000s\000i\000s\000\040\000o\000f\000\040\000t\000h\000e\000\040\000P\000r\000o\000b\000l\000e\000m}{chapter.5}% 27
\BOOKMARK [1][-]{section.5.3}{\376\377\000A\000r\000c\000h\000i\000t\000e\000c\000t\000u\000r\000e\000\040\000o\000f\000\040\000t\000h\000e\000\040\000S\000y\000s\000t\000e\000m}{chapter.5}% 28
\BOOKMARK [0][-]{chapter.6}{\376\377\000I\000m\000p\000l\000e\000m\000e\000n\000t\000a\000t\000i\000o\000n}{}% 29
\BOOKMARK [1][-]{section.6.1}{\376\377\000T\000e\000s\000t\000i\000n\000g}{chapter.6}% 30
\BOOKMARK [1][-]{section.6.2}{\376\377\000T\000e\000c\000h\000n\000o\000l\000o\000g\000i\000e\000s}{chapter.6}% 31
\BOOKMARK [0][-]{chapter.7}{\376\377\000D\000e\000v\000e\000l\000o\000p\000e\000r\000\040\000D\000o\000c\000u\000m\000e\000n\000t\000a\000t\000i\000o\000n}{}% 32
\BOOKMARK [1][-]{section.7.1}{\376\377\000B\000u\000i\000l\000d\000i\000n\000g}{chapter.7}% 33
\BOOKMARK [1][-]{section.7.2}{\376\377\000E\000x\000t\000e\000n\000s\000i\000b\000i\000l\000i\000t\000y}{chapter.7}% 34
\BOOKMARK [0][-]{chapter.8}{\376\377\000U\000s\000e\000r\000\040\000D\000o\000c\000u\000m\000e\000n\000t\000a\000t\000i\000o\000n}{}% 35
\BOOKMARK [1][-]{section.8.1}{\376\377\000T\000u\000t\000o\000r\000i\000a\000l\000s}{chapter.8}% 36
\BOOKMARK [1][-]{section.8.2}{\376\377\000C\000o\000o\000p\000e\000r\000a\000t\000i\000o\000n\000\040\000w\000i\000t\000h\000\040\000M\000a\000n\000t\000a\000\040\000F\000l\000o\000w}{chapter.8}% 37
\BOOKMARK [0][-]{chapter*.4}{\376\377\000C\000o\000n\000c\000l\000u\000s\000i\000o\000n}{}% 38
\BOOKMARK [0][-]{chapter*.5}{\376\377\000B\000i\000b\000l\000i\000o\000g\000r\000a\000p\000h\000y}{}% 39
\BOOKMARK [0][-]{chapter*.6}{\376\377\000L\000i\000s\000t\000\040\000o\000f\000\040\000F\000i\000g\000u\000r\000e\000s}{}% 40
\BOOKMARK [0][-]{chapter*.7}{\376\377\000L\000i\000s\000t\000\040\000o\000f\000\040\000T\000a\000b\000l\000e\000s}{}% 41
\BOOKMARK [0][-]{chapter*.8}{\376\377\000L\000i\000s\000t\000\040\000o\000f\000\040\000A\000b\000b\000r\000e\000v\000i\000a\000t\000i\000o\000n\000s}{}% 42
\BOOKMARK [0][-]{appendix.A}{\376\377\000A\000t\000t\000a\000c\000h\000m\000e\000n\000t\000s}{}% 43
